2025-08-11 17:21:39,342 - INFO - Successfully loaded training data from 'data/train.csv'
2025-08-11 17:21:39,342 - INFO - Starting training for model: LinearRegression
2025-08-11 17:21:45,546 - INFO - LinearRegression training completed. MSE=0.4548
2025-08-11 17:21:45,572 - INFO - Starting training for model: DecisionTree
2025-08-11 17:21:48,242 - INFO - DecisionTree training completed. MSE=0.4952
2025-08-11 17:21:48,269 - INFO - Selected LinearRegression as the best model.
2025-08-11 17:21:51,026 - INFO - Model HousingModel version 12 registered successfully.
2025-08-11 17:21:51,026 - INFO - Training pipeline completed. Model HousingModel version 12 is ready.
2025-08-11 17:35:35,351 - INFO - Successfully loaded training data from 'data/train.csv'
2025-08-11 17:35:35,380 - INFO - Starting training for model: LinearRegression
2025-08-11 17:35:41,515 - INFO - LinearRegression training completed. MSE=0.4548
2025-08-11 17:35:41,538 - INFO - Starting training for model: DecisionTree
2025-08-11 17:35:44,365 - INFO - DecisionTree training completed. MSE=0.4952
2025-08-11 17:35:44,400 - INFO - Selected LinearRegression as the best model.
2025-08-11 17:35:44,401 - INFO - Best model saved to models\model.pkl
2025-08-11 17:35:47,375 - INFO - Model HousingModel version 13 registered successfully.
2025-08-11 17:35:47,375 - INFO - Training pipeline completed. Model HousingModel version 13 is ready.
2025-08-11 20:14:18,863 - INFO - Successfully loaded training data from 'data/train.csv'
2025-08-11 20:14:18,904 - INFO - Starting training for model: LinearRegression
2025-08-11 20:14:27,438 - INFO - LinearRegression training completed. MSE=0.4548
2025-08-11 20:14:27,462 - INFO - Starting training for model: DecisionTree
2025-08-11 20:14:30,305 - INFO - DecisionTree training completed. MSE=0.4952
2025-08-11 20:14:30,336 - INFO - Selected LinearRegression as the best model.
2025-08-11 20:14:30,337 - INFO - Best model saved to models\latest_model.pkl
2025-08-11 20:14:33,110 - INFO - Model HousingModel version 14 registered successfully.
2025-08-11 20:14:33,110 - INFO - Training pipeline completed. Model HousingModel version 14 is ready.
2025-08-11 22:33:53,899 - INFO - Successfully loaded training data from 'data/train.csv'
2025-08-11 22:33:53,916 - INFO - Starting training for model: LinearRegression
2025-08-11 22:34:01,613 - INFO - Successfully loaded training data from 'data/train.csv'
2025-08-11 22:34:01,617 - INFO - Starting training for model: LinearRegression
2025-08-11 22:34:18,219 - INFO - LinearRegression training completed. MSE=0.4548
2025-08-11 22:34:18,244 - INFO - Starting training for model: DecisionTree
2025-08-11 22:34:21,486 - INFO - DecisionTree training completed. MSE=0.4952
2025-08-11 22:34:21,524 - INFO - Selected LinearRegression as the best model.
2025-08-11 22:34:21,525 - INFO - Best model saved to models\latest_model.pkl
2025-08-11 22:34:25,770 - INFO - Model HousingModel version 15 registered successfully.
2025-08-11 22:34:25,770 - INFO - Training pipeline completed. Model HousingModel version 15 is ready.
2025-08-11 22:40:45,514 - INFO - Successfully loaded training data from 'data/train.csv'
2025-08-11 22:40:45,517 - INFO - Starting training for model: LinearRegression
2025-08-11 22:40:52,117 - INFO - LinearRegression training completed. MSE=0.4548
2025-08-11 22:40:52,145 - INFO - Starting training for model: DecisionTree
2025-08-11 22:40:55,369 - INFO - DecisionTree training completed. MSE=0.4952
2025-08-11 22:40:55,396 - INFO - Selected LinearRegression as the best model.
2025-08-11 22:40:55,396 - INFO - Best model saved to models\latest_model.pkl
2025-08-11 22:40:58,607 - INFO - Model HousingModel version 16 registered successfully.
2025-08-11 22:40:58,607 - INFO - Training pipeline completed. Model HousingModel version 16 is ready.
2025-08-11 22:45:35,895 - INFO - Successfully loaded training data from 'data/train.csv'
2025-08-11 22:45:35,898 - INFO - Starting training for model: LinearRegression
2025-08-11 22:45:43,071 - INFO - LinearRegression training completed. MSE=0.4548
2025-08-11 22:45:43,105 - INFO - Starting training for model: DecisionTree
2025-08-11 22:45:47,498 - INFO - DecisionTree training completed. MSE=0.4952
2025-08-11 22:45:47,641 - INFO - Selected LinearRegression as the best model.
2025-08-11 22:45:47,643 - INFO - Best model saved to models\latest_model.pkl
2025-08-11 22:45:54,306 - INFO - Model HousingModel version 17 registered successfully.
2025-08-11 22:45:54,306 - INFO - Training pipeline completed. Model HousingModel version 17 is ready.
2025-08-11 23:03:38,292 - INFO - Successfully loaded training data from 'data/train.csv'
2025-08-11 23:03:38,295 - INFO - Starting training for model: LinearRegression
2025-08-11 23:04:00,234 - INFO - LinearRegression training completed. MSE=0.4548
2025-08-11 23:04:00,261 - INFO - Starting training for model: DecisionTree
2025-08-11 23:04:03,628 - INFO - DecisionTree training completed. MSE=0.4952
2025-08-11 23:04:03,659 - INFO - Selected LinearRegression as the best model.
2025-08-11 23:04:03,659 - INFO - Best model saved to models\latest_model.pkl
2025-08-11 23:04:08,096 - INFO - Model HousingModel version 18 registered successfully.
2025-08-11 23:04:08,096 - INFO - Training pipeline completed. Model HousingModel version 18 is ready.
